<?xml version="1.0" encoding="UTF-8"?>
<!-- Generated by org.testng.reporters.JUnitReportReporter -->
<testsuite hostname="DESKTOP-FI8UJG3" failures="0" tests="1" name="com.zerodha.kite.test.KiteLoginPagesValidation" time="2.428" errors="0" timestamp="2022-04-08T06:36:28 IST" skipped="0">
  <testcase classname="com.zerodha.kite.test.KiteLoginPagesValidation" name="verifyInvalidCredentialsErrorMessage" time="2.428"/>
  <system-out/>
</testsuite> <!-- com.zerodha.kite.test.KiteLoginPagesValidation -->
