<?xml version="1.0" encoding="UTF-8"?>
<!-- Generated by org.testng.reporters.JUnitReportReporter -->
<testsuite hostname="DESKTOP-FI8UJG3" failures="0" tests="3" name="com.zerodha.kite.test.KiteLoginTest" time="9.834" errors="0" timestamp="2022-04-08T06:36:28 IST" skipped="0">
  <testcase classname="com.zerodha.kite.test.KiteLoginTest" name="verifyProfileName" time="2.892"/>
  <system-out/>
  <testcase classname="com.zerodha.kite.test.KiteLoginTest" name="verifyProfileMenuButton" time="3.142"/>
  <system-out/>
  <testcase classname="com.zerodha.kite.test.KiteLoginTest" name="verifyLogoutButton" time="3.800"/>
  <system-out/>
</testsuite> <!-- com.zerodha.kite.test.KiteLoginTest -->
